Arguments: 
  /Users/macplus/.nvm/versions/node/v17.5.0/bin/node /Users/macplus/.nvm/versions/node/v17.5.0/bin/yarn add -D prettier tslint tsling-config-prettier

PATH: 
  /Users/macplus/Library/Android/sdk/emulator:/Users/macplus/Library/Android/sdk/tools:/Users/macplus/.nvm/versions/node/v17.5.0/bin:/Users/macplus/Developer/homebrew/bin/:/usr/local/bin:/usr/bin:/bin:/usr/sbin:/sbin:/usr/local/go/bin:/Applications/Little Snitch.app/Contents/Components:/opt/X11/bin:/Library/Apple/usr/bin:/Users/macplus/.yarn/bin/:/Users/macplus/development/flutter/bin/:/usr/local/mysql/bin/

Yarn version: 
  1.22.17

Node version: 
  17.5.0

Platform: 
  darwin arm64

Trace: 
  Error: https://registry.yarnpkg.com/tsling-config-prettier: Not found
      at Request.params.callback [as _callback] (/Users/macplus/.nvm/versions/node/v17.5.0/lib/node_modules/yarn/lib/cli.js:67029:18)
      at Request.self.callback (/Users/macplus/.nvm/versions/node/v17.5.0/lib/node_modules/yarn/lib/cli.js:140883:22)
      at Request.emit (node:events:526:28)
      at Request.<anonymous> (/Users/macplus/.nvm/versions/node/v17.5.0/lib/node_modules/yarn/lib/cli.js:141855:10)
      at Request.emit (node:events:526:28)
      at IncomingMessage.<anonymous> (/Users/macplus/.nvm/versions/node/v17.5.0/lib/node_modules/yarn/lib/cli.js:141777:12)
      at Object.onceWrapper (node:events:645:28)
      at IncomingMessage.emit (node:events:538:35)
      at endReadableNT (node:internal/streams/readable:1342:12)
      at processTicksAndRejections (node:internal/process/task_queues:83:21)

npm manifest: 
  {
    "name": "ingredients-unit-converter",
    "version": "1.0.0",
    "main": "index.js",
    "repository": "https://github.com/brkss/ingredients-unit-converter.git",
    "author": "Brahim Berkasse <32434103+brkss@users.noreply.github.com>",
    "license": "MIT",
    "scripts": {
      "build": "tsc"
    },
    "devDependencies": {
      "typescript": "^4.8.4"
    }
  }

yarn manifest: 
  No manifest

Lockfile: 
  # THIS IS AN AUTOGENERATED FILE. DO NOT EDIT THIS FILE DIRECTLY.
  # yarn lockfile v1
  
  
  typescript@^4.8.4:
    version "4.8.4"
    resolved "https://registry.yarnpkg.com/typescript/-/typescript-4.8.4.tgz#c464abca159669597be5f96b8943500b238e60e6"
    integrity sha512-QCh+85mCy+h0IGff8r5XWzOVSbBO+KfeYrMQh7NJ58QujwcE22u+NUSmUxqF+un70P9GXKxa2HCNiTTMJknyjQ==
